<?xml version="1.0" encoding="UTF-8"?>
<!-- Generated by org.testng.reporters.JUnitXMLReporter -->
<testsuite ignored="12" hostname="LAPTOP-E6TB5HPA" failures="0" tests="16" name="Regression Test" time="34.189" errors="0" timestamp="2022-05-11T16:22:47 EET">
  <testcase classname="tests.UserRegisteration" name="UserCanRegisterSuccessfully" time="2.834"/>
  <testcase classname="tests.UserRegisteration" name="RegisteredUserCanLogout" time="1.019"/>
  <testcase classname="tests.UserRegisteration" name="RegisteredUserCanLogin" time="2.119"/>
  <testcase classname="tests.UserRegisteration" name="RegisteredUserCanLogout2" time="1.015"/>
  <testcase classname="tests.ProductHoverMenuTest" name="UserCanSelectSubCategoryFromMainMenu" time="1.455"/>
  <testcase classname="tests.SearchProdutUsingAutoSuggistion" name="autocomplete" time="3.017"/>
  <testcase classname="tests.EmailFriendTest" name="UserCanRegisterSuccessfully" time="2.17"/>
  <testcase classname="tests.EmailFriendTest" name="autocomplete" time="2.106"/>
  <testcase classname="tests.EmailFriendTest" name="RegisteredUserCanSendEmailToFriend" time="1.825"/>
  <testcase classname="tests.EmailFriendTest" name="RegisteredUserCanLogout" time="2.131"/>
  <testcase classname="tests.MyAccountTest" name="UserCanRegisterSuccessfully" time="2.134"/>
  <testcase classname="tests.MyAccountTest" name="RegisteredUserCanChangePassword" time="4.835"/>
  <testcase classname="tests.MyAccountTest" name="RegisteredUserCanLogout" time="0.99"/>
  <testcase classname="tests.MyAccountTest" name="RegisteredUserCanLogin" time="1.795"/>
  <testcase classname="tests.ContactUsTest" name="contactUs" time="2.359"/>
  <testcase classname="tests.SearchProductTest" name="UserCanSearchForProducts" time="2.071"/>
  <testcase classname="tests.TestBase" name="@AfterSuite stopDriver" time="0.0">
    <ignored/>
  </testcase> <!-- @AfterSuite stopDriver -->
  <testcase classname="tests.TestBase" name="@AfterSuite stopDriver" time="0.0">
    <ignored/>
  </testcase> <!-- @AfterSuite stopDriver -->
  <testcase classname="tests.TestBase" name="@BeforeSuite startDriver" time="0.0">
    <ignored/>
  </testcase> <!-- @BeforeSuite startDriver -->
  <testcase classname="tests.TestBase" name="@AfterSuite stopDriver" time="0.0">
    <ignored/>
  </testcase> <!-- @AfterSuite stopDriver -->
  <testcase classname="tests.TestBase" name="@BeforeSuite startDriver" time="0.0">
    <ignored/>
  </testcase> <!-- @BeforeSuite startDriver -->
  <testcase classname="tests.TestBase" name="@AfterSuite stopDriver" time="0.0">
    <ignored/>
  </testcase> <!-- @AfterSuite stopDriver -->
  <testcase classname="tests.TestBase" name="@BeforeSuite startDriver" time="0.0">
    <ignored/>
  </testcase> <!-- @BeforeSuite startDriver -->
  <testcase classname="tests.TestBase" name="@AfterSuite stopDriver" time="0.0">
    <ignored/>
  </testcase> <!-- @AfterSuite stopDriver -->
  <testcase classname="tests.TestBase" name="@AfterSuite stopDriver" time="0.0">
    <ignored/>
  </testcase> <!-- @AfterSuite stopDriver -->
  <testcase classname="tests.TestBase" name="@BeforeSuite startDriver" time="0.0">
    <ignored/>
  </testcase> <!-- @BeforeSuite startDriver -->
  <testcase classname="tests.TestBase" name="@BeforeSuite startDriver" time="0.0">
    <ignored/>
  </testcase> <!-- @BeforeSuite startDriver -->
  <testcase classname="tests.TestBase" name="@BeforeSuite startDriver" time="0.0">
    <ignored/>
  </testcase> <!-- @BeforeSuite startDriver -->
</testsuite> <!-- Regression Test -->
