<?xml version="1.0" encoding="UTF-8"?>
<!-- Generated by org.testng.reporters.JUnitXMLReporter -->
<testsuite ignored="12" hostname="LAPTOP-E6TB5HPA" failures="0" tests="16" name="Regression Test" time="58.752" errors="0" timestamp="2022-01-31T01:02:44 EET">
  <testcase classname="tests.UserRegisteration" name="UserCanRegisterSuccessfully" time="6.291"/>
  <testcase classname="tests.UserRegisteration" name="RegisteredUserCanLogout" time="1.032"/>
  <testcase classname="tests.UserRegisteration" name="RegisteredUserCanLogin" time="3.181"/>
  <testcase classname="tests.UserRegisteration" name="RegisteredUserCanLogout2" time="3.685"/>
  <testcase classname="tests.ProductHoverMenuTest" name="UserCanSelectSubCategoryFromMainMenu" time="1.195"/>
  <testcase classname="tests.SearchProdutUsingAutoSuggistion" name="autocomplete" time="4.311"/>
  <testcase classname="tests.EmailFriendTest" name="UserCanRegisterSuccessfully" time="4.877"/>
  <testcase classname="tests.EmailFriendTest" name="autocomplete" time="4.777"/>
  <testcase classname="tests.EmailFriendTest" name="RegisteredUserCanSendEmailToFriend" time="2.854"/>
  <testcase classname="tests.EmailFriendTest" name="RegisteredUserCanLogout" time="3.27"/>
  <testcase classname="tests.MyAccountTest" name="UserCanRegisterSuccessfully" time="4.685"/>
  <testcase classname="tests.MyAccountTest" name="RegisteredUserCanChangePassword" time="6.733"/>
  <testcase classname="tests.MyAccountTest" name="RegisteredUserCanLogout" time="1.102"/>
  <testcase classname="tests.MyAccountTest" name="RegisteredUserCanLogin" time="4.478"/>
  <testcase classname="tests.ContactUsTest" name="contactUs" time="4.184"/>
  <testcase classname="tests.SearchProductTest" name="UserCanSearchForProducts" time="1.989"/>
  <testcase classname="tests.TestBase" name="@AfterSuite stopDriver" time="0.0">
    <ignored/>
  </testcase> <!-- @AfterSuite stopDriver -->
  <testcase classname="tests.TestBase" name="@AfterSuite stopDriver" time="0.0">
    <ignored/>
  </testcase> <!-- @AfterSuite stopDriver -->
  <testcase classname="tests.TestBase" name="@BeforeSuite startDriver" time="0.0">
    <ignored/>
  </testcase> <!-- @BeforeSuite startDriver -->
  <testcase classname="tests.TestBase" name="@BeforeSuite startDriver" time="0.0">
    <ignored/>
  </testcase> <!-- @BeforeSuite startDriver -->
  <testcase classname="tests.TestBase" name="@BeforeSuite startDriver" time="0.0">
    <ignored/>
  </testcase> <!-- @BeforeSuite startDriver -->
  <testcase classname="tests.TestBase" name="@AfterSuite stopDriver" time="0.0">
    <ignored/>
  </testcase> <!-- @AfterSuite stopDriver -->
  <testcase classname="tests.TestBase" name="@AfterSuite stopDriver" time="0.0">
    <ignored/>
  </testcase> <!-- @AfterSuite stopDriver -->
  <testcase classname="tests.TestBase" name="@BeforeSuite startDriver" time="0.0">
    <ignored/>
  </testcase> <!-- @BeforeSuite startDriver -->
  <testcase classname="tests.TestBase" name="@BeforeSuite startDriver" time="0.0">
    <ignored/>
  </testcase> <!-- @BeforeSuite startDriver -->
  <testcase classname="tests.TestBase" name="@AfterSuite stopDriver" time="0.0">
    <ignored/>
  </testcase> <!-- @AfterSuite stopDriver -->
  <testcase classname="tests.TestBase" name="@AfterSuite stopDriver" time="0.0">
    <ignored/>
  </testcase> <!-- @AfterSuite stopDriver -->
  <testcase classname="tests.TestBase" name="@BeforeSuite startDriver" time="0.0">
    <ignored/>
  </testcase> <!-- @BeforeSuite startDriver -->
</testsuite> <!-- Regression Test -->
